<?xml version="1.0" encoding="UTF-8"?>
<!-- Generated by org.testng.reporters.JUnitReportReporter -->
<testsuite hostname="Ravivarma" failures="0" tests="1" name="autolist.Execution.CheapestSort" time="10.785" errors="0" timestamp="2023-10-03T11:04:43 IST" skipped="0">
  <testcase classname="autolist.Execution.CheapestSort" name="cheapSorting" time="10.785"/>
</testsuite> <!-- autolist.Execution.CheapestSort -->
