<?xml version="1.0" encoding="UTF-8"?>
<!-- Generated by org.testng.reporters.JUnitReportReporter -->
<testsuite hostname="Ravivarma" failures="0" tests="1" name="autolist.Execution.Convertible" time="30.338" errors="0" timestamp="2023-10-03T15:54:26 IST" skipped="0">
  <testcase classname="autolist.Execution.Convertible" name="convertibleCar" time="30.338"/>
</testsuite> <!-- autolist.Execution.Convertible -->
