<?xml version="1.0" encoding="UTF-8"?>
<!-- Generated by org.testng.reporters.JUnitReportReporter -->
<testsuite hostname="Ravivarma" failures="0" tests="1" name="autolist.Execution.MercedesE350" time="36.061" errors="0" timestamp="2023-10-03T15:54:26 IST" skipped="0">
  <testcase classname="autolist.Execution.MercedesE350" name="mercedes_E350" time="36.061"/>
</testsuite> <!-- autolist.Execution.MercedesE350 -->
