<?xml version="1.0" encoding="UTF-8"?>
<!-- Generated by org.testng.reporters.JUnitReportReporter -->
<testsuite hostname="Ravivarma" failures="0" tests="1" name="autolist.Execution.CarCompAllModel" time="32.994" errors="0" timestamp="2023-10-03T14:53:40 IST" skipped="0">
  <testcase classname="autolist.Execution.CarCompAllModel" name="carComAllMod" time="32.994"/>
</testsuite> <!-- autolist.Execution.CarCompAllModel -->
