<?xml version="1.0" encoding="UTF-8"?>
<!-- Generated by org.testng.reporters.JUnitReportReporter -->
<testsuite hostname="Ravivarma" failures="0" tests="1" name="autolist.Execution.ExpensiveSort" time="9.756" errors="0" timestamp="2023-10-03T11:04:14 IST" skipped="0">
  <testcase classname="autolist.Execution.ExpensiveSort" name="expSort" time="9.756"/>
</testsuite> <!-- autolist.Execution.ExpensiveSort -->
