<?xml version="1.0" encoding="UTF-8"?>
<!-- Generated by org.testng.reporters.JUnitReportReporter -->
<testsuite hostname="Ravivarma" failures="0" tests="1" name="autolist.Execution.Model_select" time="11.413" errors="0" timestamp="2023-10-03T09:57:15 IST" skipped="0">
  <testcase classname="autolist.Execution.Model_select" name="modelHyundaiSelected" time="11.413"/>
</testsuite> <!-- autolist.Execution.Model_select -->
