<?xml version="1.0" encoding="UTF-8"?>
<!-- Generated by org.testng.reporters.JUnitReportReporter -->
<testsuite hostname="Ravivarma" failures="0" tests="1" name="autolist.Execution.YearrangSelect" time="62.606" errors="0" timestamp="2023-10-03T15:37:38 IST" skipped="0">
  <testcase classname="autolist.Execution.YearrangSelect" name="yearranfChoose" time="62.606"/>
</testsuite> <!-- autolist.Execution.YearrangSelect -->
