<?xml version="1.0" encoding="UTF-8"?>
<!-- Generated by org.testng.reporters.JUnitReportReporter -->
<testsuite hostname="Ravivarma" failures="0" tests="1" name="autolist.Execution.CarModeAllModel" time="41.173" errors="0" timestamp="2023-10-03T15:21:13 IST" skipped="0">
  <testcase classname="autolist.Execution.CarModeAllModel" name="carmodAllMod" time="41.173"/>
</testsuite> <!-- autolist.Execution.CarModeAllModel -->
